[debug] [2018-10-05T23:17:16.124Z] ----------------------------------------------------------------------
[debug] [2018-10-05T23:17:16.126Z] Command:       C:\Program Files\nodejs\node.exe C:\Users\Administrator\AppData\Roaming\npm\node_modules\firebase-tools\bin\firebase deploy --only functions
[debug] [2018-10-05T23:17:16.127Z] CLI Version:   5.0.1
[debug] [2018-10-05T23:17:16.127Z] Platform:      win32
[debug] [2018-10-05T23:17:16.127Z] Node Version:  v8.11.2
[debug] [2018-10-05T23:17:16.127Z] Time:          Fri Oct 05 2018 20:17:16 GMT-0300 (E. South America Standard Time)
[debug] [2018-10-05T23:17:16.127Z] ----------------------------------------------------------------------
[debug] 
[debug] [2018-10-05T23:17:16.138Z] > command requires scopes: ["email","openid","https://www.googleapis.com/auth/cloudplatformprojects.readonly","https://www.googleapis.com/auth/firebase","https://www.googleapis.com/auth/cloud-platform"]
[debug] [2018-10-05T23:17:16.138Z] > authorizing via signed-in user
[debug] [2018-10-05T23:17:16.139Z] [iam] checking project marketizebot-41a70 for permissions ["cloudfunctions.functions.create","cloudfunctions.functions.delete","cloudfunctions.functions.get","cloudfunctions.functions.list","cloudfunctions.functions.update","cloudfunctions.operations.get","firebase.projects.get"]
[debug] [2018-10-05T23:17:16.140Z] >>> HTTP REQUEST POST https://cloudresourcemanager.googleapis.com/v1/projects/marketizebot-41a70:testIamPermissions  

[debug] [2018-10-05T23:17:17.206Z] <<< HTTP RESPONSE 200
[info] 
[info] === Deploying to 'marketizebot-41a70'...
[info] 
[info] i  deploying functions
[debug] [2018-10-05T23:17:20.049Z] > [functions] package.json contents: {
  "name": "dialogflowFirebaseFulfillment",
  "description": "This is the default fulfillment for a Dialogflow agents using Cloud Functions for Firebase",
  "version": "0.0.1",
  "private": true,
  "license": "Apache Version 2.0",
  "author": "Google Inc.",
  "engines": {
    "node": "8"
  },
  "scripts": {
    "start": "firebase serve --only functions:dialogflowFirebaseFulfillment",
    "deploy": "firebase deploy --only functions:dialogflowFirebaseFulfillment"
  },
  "dependencies": {
    "actions-on-google": "^2.2.0",
    "dialogflow": "^0.6.0",
    "dialogflow-fulfillment": "^0.5.0",
    "firebase-admin": "^5.13.1",
    "firebase-functions": "^2.0.2",
    "request": "^2.88.0",
    "request-promise-native": "^1.0.5",
    "utils-extend": "1.0.8"
  }
}
[info] i  functions: ensuring necessary APIs are enabled...
[debug] [2018-10-05T23:17:20.050Z] >>> HTTP REQUEST GET https://servicemanagement.googleapis.com/v1/services/cloudfunctions.googleapis.com/projectSettings/marketizebot-41a70?view=CONSUMER_VIEW  
 
[debug] [2018-10-05T23:17:20.050Z] >>> HTTP REQUEST GET https://servicemanagement.googleapis.com/v1/services/runtimeconfig.googleapis.com/projectSettings/marketizebot-41a70?view=CONSUMER_VIEW  
 
[debug] [2018-10-05T23:17:21.540Z] <<< HTTP RESPONSE 200
[debug] [2018-10-05T23:17:21.612Z] <<< HTTP RESPONSE 200
[info] +  functions: all necessary APIs are enabled
[debug] [2018-10-05T23:17:21.614Z] >>> HTTP REQUEST GET https://cloudresourcemanager.googleapis.com/v1/projects/marketizebot-41a70  
 
[debug] [2018-10-05T23:17:22.833Z] <<< HTTP RESPONSE 200
[debug] [2018-10-05T23:17:22.834Z] >>> HTTP REQUEST GET https://mobilesdk-pa.googleapis.com/v1/projects/101340694653:getServerAppConfig  
 
[debug] [2018-10-05T23:17:23.386Z] <<< HTTP RESPONSE 200
[info] i  functions: preparing functions directory for uploading...
[debug] [2018-10-05T23:17:23.398Z] >>> HTTP REQUEST GET https://runtimeconfig.googleapis.com/v1beta1/projects/marketizebot-41a70/configs  
 
[debug] [2018-10-05T23:17:24.020Z] <<< HTTP RESPONSE 200
[info] i  functions: packaged functions (43.99 KB) for uploading
[debug] [2018-10-05T23:17:24.871Z] >>> HTTP REQUEST POST https://cloudfunctions.googleapis.com/v1/projects/marketizebot-41a70/locations/us-central1/functions:generateUploadUrl  
 
[debug] [2018-10-05T23:17:26.815Z] <<< HTTP RESPONSE 200
[debug] [2018-10-05T23:17:26.817Z] >>> HTTP REQUEST PUT https://storage.googleapis.com/gcf-upload-us-central1-1fc0911a-e5e3-4303-bacf-73c9da68851b/97fb739f-5d4e-4247-a77a-d1badd2f74e3.zip?GoogleAccessId=service-101340694653@gcf-admin-robot.iam.gserviceaccount.com&Expires=1538783246&Signature=LhG7GfkENeTYxdoXlMwv0nb7iLWx9RIYQyWiPA4pJ8D4%2FE807B5bzxsG3k%2FMOPrmDitrtK5AGrbCiaQWn5sV18LFEirNAw1IZok9oN%2BWEf0cQrGiAlZmO2dkFP67DsJVIGY7zAfcWExIIIXLZTCuKNnPo4JOVo7DQb%2B%2FBsKRaDyd2cAcSMHCt7YLHyTz%2Bnjaww5Kvx%2B0yIG0AUleLehCYQQIp%2FOTImTo1PvXnJzZM6BQiswsQ%2BGKxFwP2A0iEXYmaT6rbxATBrXY2k%2FeojuLYXPa0y8heMFMXj%2BZk63N%2BcXaMX%2Fs2Z9IzhdWJ6r7XAZlS%2Fb%2BQ7Z36%2BeMU%2FiwcyjFKg%3D%3D  

[warn] !  functions: Upload Error: Server Error. self signed certificate in certificate chain
[debug] [2018-10-05T23:17:27.512Z] Error: self signed certificate in certificate chain
    at TLSSocket.<anonymous> (_tls_wrap.js:1105:38)
    at emitNone (events.js:106:13)
    at TLSSocket.emit (events.js:208:7)
    at TLSSocket._finishInit (_tls_wrap.js:639:8)
    at TLSWrap.ssl.onhandshakedone (_tls_wrap.js:469:38)
[error] 
[error] Error: Server Error. self signed certificate in certificate chain
