[debug] [2018-10-05T23:13:45.930Z] ----------------------------------------------------------------------
[debug] [2018-10-05T23:13:45.932Z] Command:       C:\Program Files\nodejs\node.exe C:\Users\Administrator\AppData\Roaming\npm\node_modules\firebase-tools\bin\firebase deploy --only functions
[debug] [2018-10-05T23:13:45.932Z] CLI Version:   5.0.1
[debug] [2018-10-05T23:13:45.932Z] Platform:      win32
[debug] [2018-10-05T23:13:45.932Z] Node Version:  v8.11.2
[debug] [2018-10-05T23:13:45.932Z] Time:          Fri Oct 05 2018 20:13:45 GMT-0300 (E. South America Standard Time)
[debug] [2018-10-05T23:13:45.932Z] ----------------------------------------------------------------------
[debug] 
[debug] [2018-10-05T23:13:45.944Z] > command requires scopes: ["email","openid","https://www.googleapis.com/auth/cloudplatformprojects.readonly","https://www.googleapis.com/auth/firebase","https://www.googleapis.com/auth/cloud-platform"]
[debug] [2018-10-05T23:13:45.944Z] > authorizing via signed-in user
[debug] [2018-10-05T23:13:45.944Z] [iam] checking project marketizebot-41a70 for permissions ["cloudfunctions.functions.create","cloudfunctions.functions.delete","cloudfunctions.functions.get","cloudfunctions.functions.list","cloudfunctions.functions.update","cloudfunctions.operations.get","firebase.projects.get"]
[debug] [2018-10-05T23:13:45.946Z] >>> HTTP REQUEST POST https://cloudresourcemanager.googleapis.com/v1/projects/marketizebot-41a70:testIamPermissions  

[debug] [2018-10-05T23:13:47.611Z] <<< HTTP RESPONSE 200
[info] 
[info] === Deploying to 'marketizebot-41a70'...
[info] 
[info] i  deploying functions
[debug] [2018-10-05T23:13:50.806Z] > [functions] package.json contents: {
  "name": "dialogflowFirebaseFulfillment",
  "description": "This is the default fulfillment for a Dialogflow agents using Cloud Functions for Firebase",
  "version": "0.0.1",
  "private": true,
  "license": "Apache Version 2.0",
  "author": "Google Inc.",
  "engines": {
    "node": "8"
  },
  "scripts": {
    "start": "firebase serve --only functions:dialogflowFirebaseFulfillment",
    "deploy": "firebase deploy --only functions:dialogflowFirebaseFulfillment"
  },
  "dependencies": {
    "actions-on-google": "^2.2.0",
    "dialogflow": "^0.6.0",
    "dialogflow-fulfillment": "^0.5.0",
    "firebase-admin": "^5.13.1",
    "firebase-functions": "^2.0.2",
    "request": "^2.88.0",
    "request-promise-native": "^1.0.5",
    "utils-extend": "1.0.8"
  }
}
[info] i  functions: ensuring necessary APIs are enabled...
[debug] [2018-10-05T23:13:50.807Z] >>> HTTP REQUEST GET https://servicemanagement.googleapis.com/v1/services/cloudfunctions.googleapis.com/projectSettings/marketizebot-41a70?view=CONSUMER_VIEW  
 
[debug] [2018-10-05T23:13:50.808Z] >>> HTTP REQUEST GET https://servicemanagement.googleapis.com/v1/services/runtimeconfig.googleapis.com/projectSettings/marketizebot-41a70?view=CONSUMER_VIEW  
 
[debug] [2018-10-05T23:13:52.454Z] <<< HTTP RESPONSE 200
[info] +  functions: all necessary APIs are enabled
[debug] [2018-10-05T23:13:52.595Z] <<< HTTP RESPONSE 200
[debug] [2018-10-05T23:13:52.596Z] >>> HTTP REQUEST GET https://cloudresourcemanager.googleapis.com/v1/projects/marketizebot-41a70  
 
[debug] [2018-10-05T23:13:53.821Z] <<< HTTP RESPONSE 200
[debug] [2018-10-05T23:13:53.821Z] >>> HTTP REQUEST GET https://mobilesdk-pa.googleapis.com/v1/projects/101340694653:getServerAppConfig  
 
[debug] [2018-10-05T23:13:54.991Z] <<< HTTP RESPONSE 200
[info] i  functions: preparing functions directory for uploading...
[debug] [2018-10-05T23:13:55.002Z] >>> HTTP REQUEST GET https://runtimeconfig.googleapis.com/v1beta1/projects/marketizebot-41a70/configs  
 
[debug] [2018-10-05T23:13:56.097Z] <<< HTTP RESPONSE 200
[info] i  functions: packaged functions (43.99 KB) for uploading
[debug] [2018-10-05T23:13:57.029Z] >>> HTTP REQUEST POST https://cloudfunctions.googleapis.com/v1/projects/marketizebot-41a70/locations/us-central1/functions:generateUploadUrl  
 
[debug] [2018-10-05T23:13:58.602Z] <<< HTTP RESPONSE 200
[debug] [2018-10-05T23:13:58.603Z] >>> HTTP REQUEST PUT https://storage.googleapis.com/gcf-upload-us-central1-1fc0911a-e5e3-4303-bacf-73c9da68851b/156116e8-811d-466b-89ef-3adaebb52350.zip?GoogleAccessId=service-101340694653@gcf-admin-robot.iam.gserviceaccount.com&Expires=1538783038&Signature=j0ScddxVdYvFOFwXfH%2BdI6S%2F5J5Y7lVtZB6VAvoISSUtWQJgaxQv8w%2FyKqiyhzvbOwv%2FxA8eknyy%2B309Ngi0WtqTIHpZhU3fnfT6x33XvC1GQkfx%2BkC9fRzDakaChGOmxF74w3FNfFCD8GU66OZ86SsFIyd%2Bd82EIvkfT85INTBj26c200eaBAfAW6ZqRpfeK240g3g%2BbYC8vruzqKWHu2OEj9xLuu68VrvfTfsotMVfUUpEi4k2yfQQWAYYKxtC2RehEdCeh9X7zkctawb7uXvasSp1o3IFZjD%2BkQ7y61L4g1WVayHxBCaaxfrqFnQeF09N104ZieN56BQKkBoo%2Bg%3D%3D  

[warn] !  functions: Upload Error: Server Error. self signed certificate in certificate chain
[debug] [2018-10-05T23:13:59.323Z] Error: self signed certificate in certificate chain
    at TLSSocket.<anonymous> (_tls_wrap.js:1105:38)
    at emitNone (events.js:106:13)
    at TLSSocket.emit (events.js:208:7)
    at TLSSocket._finishInit (_tls_wrap.js:639:8)
    at TLSWrap.ssl.onhandshakedone (_tls_wrap.js:469:38)
[error] 
[error] Error: Server Error. self signed certificate in certificate chain
[debug] [2018-10-05T23:15:01.692Z] ----------------------------------------------------------------------
[debug] [2018-10-05T23:15:01.695Z] Command:       C:\Program Files\nodejs\node.exe C:\Users\Administrator\AppData\Roaming\npm\node_modules\firebase-tools\bin\firebase deploy --only functions
[debug] [2018-10-05T23:15:01.695Z] CLI Version:   5.0.1
[debug] [2018-10-05T23:15:01.695Z] Platform:      win32
[debug] [2018-10-05T23:15:01.695Z] Node Version:  v8.11.2
[debug] [2018-10-05T23:15:01.695Z] Time:          Fri Oct 05 2018 20:15:01 GMT-0300 (E. South America Standard Time)
[debug] [2018-10-05T23:15:01.695Z] ----------------------------------------------------------------------
[debug] 
[debug] [2018-10-05T23:15:01.706Z] > command requires scopes: ["email","openid","https://www.googleapis.com/auth/cloudplatformprojects.readonly","https://www.googleapis.com/auth/firebase","https://www.googleapis.com/auth/cloud-platform"]
[debug] [2018-10-05T23:15:01.706Z] > authorizing via signed-in user
[debug] [2018-10-05T23:15:01.706Z] [iam] checking project marketizebot-41a70 for permissions ["cloudfunctions.functions.create","cloudfunctions.functions.delete","cloudfunctions.functions.get","cloudfunctions.functions.list","cloudfunctions.functions.update","cloudfunctions.operations.get","firebase.projects.get"]
[debug] [2018-10-05T23:15:01.708Z] >>> HTTP REQUEST POST https://cloudresourcemanager.googleapis.com/v1/projects/marketizebot-41a70:testIamPermissions  

[debug] [2018-10-05T23:15:03.327Z] <<< HTTP RESPONSE 200
[info] 
[info] === Deploying to 'marketizebot-41a70'...
[info] 
[info] i  deploying functions
[debug] [2018-10-05T23:15:05.900Z] > [functions] package.json contents: {
  "name": "dialogflowFirebaseFulfillment",
  "description": "This is the default fulfillment for a Dialogflow agents using Cloud Functions for Firebase",
  "version": "0.0.1",
  "private": true,
  "license": "Apache Version 2.0",
  "author": "Google Inc.",
  "engines": {
    "node": "8"
  },
  "scripts": {
    "start": "firebase serve --only functions:dialogflowFirebaseFulfillment",
    "deploy": "firebase deploy --only functions:dialogflowFirebaseFulfillment"
  },
  "dependencies": {
    "actions-on-google": "^2.2.0",
    "dialogflow": "^0.6.0",
    "dialogflow-fulfillment": "^0.5.0",
    "firebase-admin": "^5.13.1",
    "firebase-functions": "^2.0.2",
    "request": "^2.88.0",
    "request-promise-native": "^1.0.5",
    "utils-extend": "1.0.8"
  }
}
[info] i  functions: ensuring necessary APIs are enabled...
[debug] [2018-10-05T23:15:05.901Z] >>> HTTP REQUEST GET https://servicemanagement.googleapis.com/v1/services/cloudfunctions.googleapis.com/projectSettings/marketizebot-41a70?view=CONSUMER_VIEW  
 
[debug] [2018-10-05T23:15:05.901Z] >>> HTTP REQUEST GET https://servicemanagement.googleapis.com/v1/services/runtimeconfig.googleapis.com/projectSettings/marketizebot-41a70?view=CONSUMER_VIEW  
 
[debug] [2018-10-05T23:15:08.078Z] <<< HTTP RESPONSE 200
[debug] [2018-10-05T23:15:08.300Z] <<< HTTP RESPONSE 200
[info] +  functions: all necessary APIs are enabled
[debug] [2018-10-05T23:15:08.302Z] >>> HTTP REQUEST GET https://cloudresourcemanager.googleapis.com/v1/projects/marketizebot-41a70  
 
[debug] [2018-10-05T23:15:09.189Z] <<< HTTP RESPONSE 200
[debug] [2018-10-05T23:15:09.190Z] >>> HTTP REQUEST GET https://mobilesdk-pa.googleapis.com/v1/projects/101340694653:getServerAppConfig  
 
[debug] [2018-10-05T23:15:10.172Z] <<< HTTP RESPONSE 200
[info] i  functions: preparing functions directory for uploading...
[debug] [2018-10-05T23:15:10.184Z] >>> HTTP REQUEST GET https://runtimeconfig.googleapis.com/v1beta1/projects/marketizebot-41a70/configs  
 
[debug] [2018-10-05T23:15:11.198Z] <<< HTTP RESPONSE 200
[info] i  functions: packaged functions (43.99 KB) for uploading
[debug] [2018-10-05T23:15:12.042Z] >>> HTTP REQUEST POST https://cloudfunctions.googleapis.com/v1/projects/marketizebot-41a70/locations/us-central1/functions:generateUploadUrl  
 
[debug] [2018-10-05T23:15:13.956Z] <<< HTTP RESPONSE 200
[debug] [2018-10-05T23:15:13.957Z] >>> HTTP REQUEST PUT https://storage.googleapis.com/gcf-upload-us-central1-1fc0911a-e5e3-4303-bacf-73c9da68851b/23d94f7a-efb3-42b0-86d7-969fd087be20.zip?GoogleAccessId=service-101340694653@gcf-admin-robot.iam.gserviceaccount.com&Expires=1538783113&Signature=E3TQTT6%2FB9gZUGN1mU2cLw1dYUn8Qz1i%2BdJBGl47c%2BXk8mGZaB3h8xM%2F7aA%2B7sjHx8d3%2FbjyWWLPzuPzHwcmznSIxIxKOGbTW6kdA4K5lnXu1lI%2FHQWmEoGDkojEZPQqn3JQIxm%2FOY5RYi4nczjOoUmJQetSuUKy9m%2F6%2FdMSLkPtgH4mtu%2Bw7w6s7PB93WQImToRmZ579Y%2FbJOLfKZS6Dr5HxKBzHB7gyaTn4Irl7U8GDwi%2FLLTPIGgh9YAlPEBZfBpJ0IC0ZJqnLXP%2BL%2FHQLawif9HaVQDRKXHZbfzRfANFqACMVIso%2BS20RPXzhs9yMlXOaVO5%2Bekfjf8m2JHAYg%3D%3D  

[warn] !  functions: Upload Error: Server Error. self signed certificate in certificate chain
[debug] [2018-10-05T23:15:14.653Z] Error: self signed certificate in certificate chain
    at TLSSocket.<anonymous> (_tls_wrap.js:1105:38)
    at emitNone (events.js:106:13)
    at TLSSocket.emit (events.js:208:7)
    at TLSSocket._finishInit (_tls_wrap.js:639:8)
    at TLSWrap.ssl.onhandshakedone (_tls_wrap.js:469:38)
[error] 
[error] Error: Server Error. self signed certificate in certificate chain
[debug] [2018-10-05T23:16:39.825Z] ----------------------------------------------------------------------
[debug] [2018-10-05T23:16:39.827Z] Command:       C:\Program Files\nodejs\node.exe C:\Users\Administrator\AppData\Roaming\npm\node_modules\firebase-tools\bin\firebase deploy --only functions
[debug] [2018-10-05T23:16:39.828Z] CLI Version:   5.0.1
[debug] [2018-10-05T23:16:39.828Z] Platform:      win32
[debug] [2018-10-05T23:16:39.828Z] Node Version:  v8.11.2
[debug] [2018-10-05T23:16:39.828Z] Time:          Fri Oct 05 2018 20:16:39 GMT-0300 (E. South America Standard Time)
[debug] [2018-10-05T23:16:39.828Z] ----------------------------------------------------------------------
[debug] 
[debug] [2018-10-05T23:16:39.839Z] > command requires scopes: ["email","openid","https://www.googleapis.com/auth/cloudplatformprojects.readonly","https://www.googleapis.com/auth/firebase","https://www.googleapis.com/auth/cloud-platform"]
[debug] [2018-10-05T23:16:39.839Z] > authorizing via signed-in user
[debug] [2018-10-05T23:16:39.839Z] [iam] checking project marketizebot-41a70 for permissions ["cloudfunctions.functions.create","cloudfunctions.functions.delete","cloudfunctions.functions.get","cloudfunctions.functions.list","cloudfunctions.functions.update","cloudfunctions.operations.get","firebase.projects.get"]
[debug] [2018-10-05T23:16:39.841Z] >>> HTTP REQUEST POST https://cloudresourcemanager.googleapis.com/v1/projects/marketizebot-41a70:testIamPermissions  

[debug] [2018-10-05T23:16:41.096Z] <<< HTTP RESPONSE 200
[info] 
[info] === Deploying to 'marketizebot-41a70'...
[info] 
[info] i  deploying functions
[debug] [2018-10-05T23:16:43.844Z] > [functions] package.json contents: {
  "name": "dialogflowFirebaseFulfillment",
  "description": "This is the default fulfillment for a Dialogflow agents using Cloud Functions for Firebase",
  "version": "0.0.1",
  "private": true,
  "license": "Apache Version 2.0",
  "author": "Google Inc.",
  "engines": {
    "node": "8"
  },
  "scripts": {
    "start": "firebase serve --only functions:dialogflowFirebaseFulfillment",
    "deploy": "firebase deploy --only functions:dialogflowFirebaseFulfillment"
  },
  "dependencies": {
    "actions-on-google": "^2.2.0",
    "dialogflow": "^0.6.0",
    "dialogflow-fulfillment": "^0.5.0",
    "firebase-admin": "^5.13.1",
    "firebase-functions": "^2.0.2",
    "request": "^2.88.0",
    "request-promise-native": "^1.0.5",
    "utils-extend": "1.0.8"
  }
}
[info] i  functions: ensuring necessary APIs are enabled...
[debug] [2018-10-05T23:16:43.845Z] >>> HTTP REQUEST GET https://servicemanagement.googleapis.com/v1/services/cloudfunctions.googleapis.com/projectSettings/marketizebot-41a70?view=CONSUMER_VIEW  
 
[debug] [2018-10-05T23:16:43.846Z] >>> HTTP REQUEST GET https://servicemanagement.googleapis.com/v1/services/runtimeconfig.googleapis.com/projectSettings/marketizebot-41a70?view=CONSUMER_VIEW  
 
[debug] [2018-10-05T23:16:45.594Z] <<< HTTP RESPONSE 200
[debug] [2018-10-05T23:16:45.678Z] <<< HTTP RESPONSE 200
[info] +  functions: all necessary APIs are enabled
[debug] [2018-10-05T23:16:45.680Z] >>> HTTP REQUEST GET https://cloudresourcemanager.googleapis.com/v1/projects/marketizebot-41a70  
 
[debug] [2018-10-05T23:16:46.894Z] <<< HTTP RESPONSE 200
[debug] [2018-10-05T23:16:46.894Z] >>> HTTP REQUEST GET https://mobilesdk-pa.googleapis.com/v1/projects/101340694653:getServerAppConfig  
 
